<?xml version="1.0" encoding="UTF-8"?>
<testsuite xmlns:xsi="http://www.w3.org/2001/XMLSchema-instance" xsi:noNamespaceSchemaLocation="https://maven.apache.org/surefire/maven-surefire-plugin/xsd/surefire-test-report.xsd" name="com.pollux.frame.test.utils.WebTestSingleUtilsTest" time="0.175" tests="2" errors="0" skipped="0" failures="0">
  <properties>
    <property name="sun.desktop" value="windows"/>
    <property name="awt.toolkit" value="sun.awt.windows.WToolkit"/>
    <property name="file.encoding.pkg" value="sun.io"/>
    <property name="java.specification.version" value="1.8"/>
    <property name="sun.cpu.isalist" value="amd64"/>
    <property name="sun.jnu.encoding" value="GBK"/>
    <property name="java.class.path" value="E:\zhumin0508\Documents\GitHub\pollux\pollux-test\target\test-classes;E:\zhumin0508\Documents\GitHub\pollux\pollux-test\target\classes;E:\Maven\junit\junit\4.12\junit-4.12.jar;E:\Maven\org\hamcrest\hamcrest-core\1.3\hamcrest-core-1.3.jar;E:\Maven\com\polluxframework\pollux-exception\1.0-SNAPSHOT\pollux-exception-1.0-SNAPSHOT.jar;E:\Maven\org\springframework\spring-test\4.1.7.RELEASE\spring-test-4.1.7.RELEASE.jar;E:\Maven\org\springframework\spring-core\4.1.7.RELEASE\spring-core-4.1.7.RELEASE.jar;E:\Maven\commons-logging\commons-logging\1.2\commons-logging-1.2.jar;E:\Maven\org\springframework\spring-beans\4.1.7.RELEASE\spring-beans-4.1.7.RELEASE.jar;E:\Maven\org\springframework\spring-context\4.1.7.RELEASE\spring-context-4.1.7.RELEASE.jar;E:\Maven\org\springframework\spring-expression\4.1.7.RELEASE\spring-expression-4.1.7.RELEASE.jar;E:\Maven\org\springframework\spring-context-support\4.1.7.RELEASE\spring-context-support-4.1.7.RELEASE.jar;E:\Maven\org\springframework\spring-tx\4.1.7.RELEASE\spring-tx-4.1.7.RELEASE.jar;E:\Maven\org\springframework\spring-aop\4.1.7.RELEASE\spring-aop-4.1.7.RELEASE.jar;E:\Maven\aopalliance\aopalliance\1.0\aopalliance-1.0.jar;E:\Maven\org\springframework\spring-jdbc\4.1.7.RELEASE\spring-jdbc-4.1.7.RELEASE.jar;E:\Maven\org\springframework\spring-web\4.1.7.RELEASE\spring-web-4.1.7.RELEASE.jar;E:\Maven\org\apache\tomcat\tomcat-servlet-api\7.0.47\tomcat-servlet-api-7.0.47.jar;"/>
    <property name="java.vm.vendor" value="Oracle Corporation"/>
    <property name="sun.arch.data.model" value="64"/>
    <property name="user.variant" value=""/>
    <property name="java.vendor.url" value="http://java.oracle.com/"/>
    <property name="user.timezone" value=""/>
    <property name="java.vm.specification.version" value="1.8"/>
    <property name="os.name" value="Windows 10"/>
    <property name="user.country" value="CN"/>
    <property name="sun.java.launcher" value="SUN_STANDARD"/>
    <property name="sun.boot.library.path" value="D:\Program Files\Java\jdk1.8.0_91\jre\bin"/>
    <property name="sun.java.command" value="C:\Users\ZHUMIN~1\AppData\Local\Temp\surefire5547849737706959964\surefirebooter3711014129280808678.jar C:\Users\zhumin0508\AppData\Local\Temp\surefire5547849737706959964 2018-08-25T09-09-14_662-jvmRun1 surefire9106520777707319741tmp surefire_09062212941003438800tmp"/>
    <property name="surefire.test.class.path" value="E:\zhumin0508\Documents\GitHub\pollux\pollux-test\target\test-classes;E:\zhumin0508\Documents\GitHub\pollux\pollux-test\target\classes;E:\Maven\junit\junit\4.12\junit-4.12.jar;E:\Maven\org\hamcrest\hamcrest-core\1.3\hamcrest-core-1.3.jar;E:\Maven\com\polluxframework\pollux-exception\1.0-SNAPSHOT\pollux-exception-1.0-SNAPSHOT.jar;E:\Maven\org\springframework\spring-test\4.1.7.RELEASE\spring-test-4.1.7.RELEASE.jar;E:\Maven\org\springframework\spring-core\4.1.7.RELEASE\spring-core-4.1.7.RELEASE.jar;E:\Maven\commons-logging\commons-logging\1.2\commons-logging-1.2.jar;E:\Maven\org\springframework\spring-beans\4.1.7.RELEASE\spring-beans-4.1.7.RELEASE.jar;E:\Maven\org\springframework\spring-context\4.1.7.RELEASE\spring-context-4.1.7.RELEASE.jar;E:\Maven\org\springframework\spring-expression\4.1.7.RELEASE\spring-expression-4.1.7.RELEASE.jar;E:\Maven\org\springframework\spring-context-support\4.1.7.RELEASE\spring-context-support-4.1.7.RELEASE.jar;E:\Maven\org\springframework\spring-tx\4.1.7.RELEASE\spring-tx-4.1.7.RELEASE.jar;E:\Maven\org\springframework\spring-aop\4.1.7.RELEASE\spring-aop-4.1.7.RELEASE.jar;E:\Maven\aopalliance\aopalliance\1.0\aopalliance-1.0.jar;E:\Maven\org\springframework\spring-jdbc\4.1.7.RELEASE\spring-jdbc-4.1.7.RELEASE.jar;E:\Maven\org\springframework\spring-web\4.1.7.RELEASE\spring-web-4.1.7.RELEASE.jar;E:\Maven\org\apache\tomcat\tomcat-servlet-api\7.0.47\tomcat-servlet-api-7.0.47.jar;"/>
    <property name="sun.cpu.endian" value="little"/>
    <property name="user.home" value="C:\Users\zhumin0508"/>
    <property name="user.language" value="zh"/>
    <property name="java.specification.vendor" value="Oracle Corporation"/>
    <property name="java.home" value="D:\Program Files\Java\jdk1.8.0_91\jre"/>
    <property name="basedir" value="E:\zhumin0508\Documents\GitHub\pollux\pollux-test"/>
    <property name="file.separator" value="\"/>
    <property name="line.separator" value="&#10;"/>
    <property name="java.vm.specification.vendor" value="Oracle Corporation"/>
    <property name="java.specification.name" value="Java Platform API Specification"/>
    <property name="java.awt.graphicsenv" value="sun.awt.Win32GraphicsEnvironment"/>
    <property name="surefire.real.class.path" value="C:\Users\ZHUMIN~1\AppData\Local\Temp\surefire5547849737706959964\surefirebooter3711014129280808678.jar;E:\\Maven\\org\\jacoco\\org.jacoco.agent\\0.7.9\\org.jacoco.agent-0.7.9-runtime.jar"/>
    <property name="sun.boot.class.path" value="D:\Program Files\Java\jdk1.8.0_91\jre\lib\resources.jar;D:\Program Files\Java\jdk1.8.0_91\jre\lib\rt.jar;D:\Program Files\Java\jdk1.8.0_91\jre\lib\sunrsasign.jar;D:\Program Files\Java\jdk1.8.0_91\jre\lib\jsse.jar;D:\Program Files\Java\jdk1.8.0_91\jre\lib\jce.jar;D:\Program Files\Java\jdk1.8.0_91\jre\lib\charsets.jar;D:\Program Files\Java\jdk1.8.0_91\jre\lib\jfr.jar;D:\Program Files\Java\jdk1.8.0_91\jre\classes"/>
    <property name="user.script" value=""/>
    <property name="sun.management.compiler" value="HotSpot 64-Bit Tiered Compilers"/>
    <property name="java.runtime.version" value="1.8.0_91-b15"/>
    <property name="user.name" value="zhumin0508"/>
    <property name="path.separator" value=";"/>
    <property name="os.version" value="10.0"/>
    <property name="java.endorsed.dirs" value="D:\Program Files\Java\jdk1.8.0_91\jre\lib\endorsed"/>
    <property name="java.runtime.name" value="Java(TM) SE Runtime Environment"/>
    <property name="file.encoding" value="UTF-8"/>
    <property name="java.vm.name" value="Java HotSpot(TM) 64-Bit Server VM"/>
    <property name="localRepository" value="E:\Maven"/>
    <property name="java.vendor.url.bug" value="http://bugreport.sun.com/bugreport/"/>
    <property name="java.io.tmpdir" value="C:\Users\ZHUMIN~1\AppData\Local\Temp\"/>
    <property name="idea.version" value="2017.2.5"/>
    <property name="java.version" value="1.8.0_91"/>
    <property name="user.dir" value="E:\zhumin0508\Documents\GitHub\pollux\pollux-test"/>
    <property name="os.arch" value="amd64"/>
    <property name="java.vm.specification.name" value="Java Virtual Machine Specification"/>
    <property name="java.awt.printerjob" value="sun.awt.windows.WPrinterJob"/>
    <property name="sun.os.patch.level" value=""/>
    <property name="java.library.path" value="D:\Program Files\Java\jdk1.8.0_91\jre\bin;C:\WINDOWS\Sun\Java\bin;C:\WINDOWS\system32;C:\WINDOWS;C:\WINDOWS\system32;C:\WINDOWS;C:\WINDOWS\System32\Wbem;C:\WINDOWS\System32\WindowsPowerShell\v1.0\;D:\Program Files\Java\jdk1.8.0_91\bin;D:\Program Files\Java\jdk1.8.0_91\jre\bin;D:\Program Files\apache-maven-3.5.0\bin;D:\Program Files\gradle-4.2.1\bin;C:\WINDOWS\System32\OpenSSH\;C:\Users\zhumin0508\AppData\Local\Microsoft\WindowsApps;D:\Program Files\Fiddler;C:\Users\zhumin0508\AppData\Local\Microsoft\WindowsApps;C:\Users\zhumin0508\AppData\Local\GitHubDesktop\bin;."/>
    <property name="java.vm.info" value="mixed mode"/>
    <property name="java.vendor" value="Oracle Corporation"/>
    <property name="java.vm.version" value="25.91-b15"/>
    <property name="java.ext.dirs" value="D:\Program Files\Java\jdk1.8.0_91\jre\lib\ext;C:\WINDOWS\Sun\Java\lib\ext"/>
    <property name="sun.io.unicode.encoding" value="UnicodeLittle"/>
    <property name="maven.repo.local" value="E:\Maven"/>
    <property name="java.class.version" value="52.0"/>
  </properties>
  <testcase name="setAttributeForSession" classname="com.pollux.frame.test.utils.WebTestSingleUtilsTest" time="0.089"/>
  <testcase name="getRequest" classname="com.pollux.frame.test.utils.WebTestSingleUtilsTest" time="0.001"/>
</testsuite>